connecting to  ws://localhost:8123
>  {
  "ok": true,
  "done": false,
  "id": 22104,
  "state": "won",
  "flash": {
    "success": "Congratulations!  The crash happened.  You have $21134103.44 cash on hand plus 198 shares at $68.43 for a net asset value of $21147652.58."
  },
  "details": {
    "endOfTheWorldDay": 499,
    "tradingDay": 231
  }
}
>  {
  "ok": true,
  "done": false,
  "id": 22104,
  "state": "won",
  "flash": {
    "success": "Congratulations!  The crash happened.  You have $21134103.44 cash on hand plus 198 shares at $68.43 for a net asset value of $21147652.58."
  },
  "details": {
    "endOfTheWorldDay": 499,
    "tradingDay": 232
  }
}
>  {
  "ok": true,
  "done": false,
  "id": 22104,
  "state": "won",
  "flash": {
    "success": "Congratulations!  The crash happened.  You have $21134103.44 cash on hand plus 198 shares at $68.43 for a net asset value of $21147652.58."
  },
  "details": {
    "endOfTheWorldDay": 499,
    "tradingDay": 232
  }
}
>  {
  "ok": true,
  "done": false,
  "id": 22104,
  "state": "won",
  "flash": {
    "success": "Congratulations!  The crash happened.  You have $21134103.44 cash on hand plus 198 shares at $68.43 for a net asset value of $21147652.58."
  },
  "details": {
    "endOfTheWorldDay": 499,
    "tradingDay": 232
  }
}
>  {
  "ok": true,
  "done": false,
  "id": 22104,
  "state": "won",
  "flash": {
    "success": "Congratulations!  The crash happened.  You have $21134103.44 cash on hand plus 198 shares at $68.43 for a net asset value of $21147652.58."
  },
  "details": {
    "endOfTheWorldDay": 499,
    "tradingDay": 232
  }
}
>  {
  "ok": true,
  "done": false,
  "id": 22104,
  "state": "won",
  "flash": {
    "success": "Congratulations!  The crash happened.  You have $21134103.44 cash on hand plus 198 shares at $68.43 for a net asset value of $21147652.58."
  },
  "details": {
    "endOfTheWorldDay": 499,
    "tradingDay": 232
  }
}
>  {
  "ok": true,
  "done": false,
  "id": 22104,
  "state": "won",
  "flash": {
    "success": "Congratulations!  The crash happened.  You have $21134103.44 cash on hand plus 198 shares at $68.43 for a net asset value of $21147652.58."
  },
  "details": {
    "endOfTheWorldDay": 499,
    "tradingDay": 233
  }
}
>  {
  "ok": true,
  "done": false,
  "id": 22104,
  "state": "won",
  "flash": {
    "success": "Congratulations!  The crash happened.  You have $21134103.44 cash on hand plus 198 shares at $68.43 for a net asset value of $21147652.58."
  },
  "details": {
    "endOfTheWorldDay": 499,
    "tradingDay": 233
  }
}
>  {
  "ok": true,
  "done": false,
  "id": 22104,
  "state": "won",
  "flash": {
    "success": "Congratulations!  The crash happened.  You have $21134103.44 cash on hand plus 198 shares at $68.43 for a net asset value of $21147652.58."
  },
  "details": {
    "endOfTheWorldDay": 499,
    "tradingDay": 233
  }
}
>  {
  "ok": true,
  "done": false,
  "id": 22104,
  "state": "won",
  "flash": {
    "success": "Congratulations!  The crash happened.  You have $21134103.44 cash on hand plus 198 shares at $68.43 for a net asset value of $21147652.58."
  },
  "details": {
    "endOfTheWorldDay": 499,
    "tradingDay": 233
  }
}
>  {
  "ok": true,
  "done": false,
  "id": 22104,
  "state": "won",
  "flash": {
    "success": "Congratulations!  The crash happened.  You have $21134103.44 cash on hand plus 198 shares at $68.43 for a net asset value of $21147652.58."
  },
  "details": {
    "endOfTheWorldDay": 499,
    "tradingDay": 233
  }
}
>  {
  "ok": true,
  "done": false,
  "id": 22104,
  "state": "won",
  "flash": {
    "success": "Congratulations!  The crash happened.  You have $21134103.44 cash on hand plus 198 shares at $68.43 for a net asset value of $21147652.58."
  },
  "details": {
    "endOfTheWorldDay": 499,
    "tradingDay": 234
  }
}
